<?xml version="1.0" encoding="UTF-8"?>
<!-- Generated by org.testng.reporters.JUnitXMLReporter -->
<testsuite ignored="0" hostname="Krishna_Lenovo" failures="0" tests="3" name="Default test" time="6.52" errors="0" timestamp="2024-07-09T11:28:29 IST">
  <testcase classname="GETAPIs.GETAPIRequestTest" name="getAllUserAPITest" time="3.064"/>
  <testcase classname="GETAPIs.GETAPIRequestTest" name="getAllUsersWithQueryParameterAPITest" time="1.2"/>
  <testcase classname="GETAPIs.GETAPIRequestTest" name="getAllUsersWithQueryParameter_withHashMap_APITest" time="1.293"/>
</testsuite> <!-- Default test -->
