<?xml version="1.0" encoding="UTF-8"?>
<testng-results ignored="0" total="1" passed="1" failed="0" skipped="0">
  <reporter-output>
  </reporter-output>
  <suite started-at="2024-07-09T12:44:24 IST" name="Default suite" finished-at="2024-07-09T12:44:28 IST" duration-ms="3603">
    <groups>
    </groups>
    <test started-at="2024-07-09T12:44:24 IST" name="Default test" finished-at="2024-07-09T12:44:28 IST" duration-ms="3603">
      <class name="GETAPIs.GETAPIWithBDD">
        <test-method signature="getProductsTest()[pri:0, instance:GETAPIs.GETAPIWithBDD@6c64cb25]" started-at="2024-07-09T12:44:24 IST" name="getProductsTest" finished-at="2024-07-09T12:44:28 IST" duration-ms="3557" status="PASS">
          <reporter-output>
          </reporter-output>
        </test-method> <!-- getProductsTest -->
      </class> <!-- GETAPIs.GETAPIWithBDD -->
    </test> <!-- Default test -->
  </suite> <!-- Default suite -->
</testng-results>
