<?xml version="1.0" encoding="UTF-8"?>
<testng-results ignored="0" total="3" passed="3" failed="0" skipped="0">
  <reporter-output>
  </reporter-output>
  <suite started-at="2024-07-09T11:28:22 IST" name="Default suite" finished-at="2024-07-09T11:28:29 IST" duration-ms="6520">
    <groups>
    </groups>
    <test started-at="2024-07-09T11:28:22 IST" name="Default test" finished-at="2024-07-09T11:28:29 IST" duration-ms="6520">
      <class name="GETAPIs.GETAPIRequestTest">
        <test-method is-config="true" signature="setup()[pri:0, instance:GETAPIs.GETAPIRequestTest@799f10e1]" started-at="2024-07-09T11:28:22 IST" name="setup" finished-at="2024-07-09T11:28:23 IST" duration-ms="885" status="PASS">
          <reporter-output>
          </reporter-output>
        </test-method> <!-- setup -->
        <test-method signature="getAllUserAPITest()[pri:1, instance:GETAPIs.GETAPIRequestTest@799f10e1]" started-at="2024-07-09T11:28:23 IST" name="getAllUserAPITest" finished-at="2024-07-09T11:28:26 IST" duration-ms="3064" status="PASS">
          <reporter-output>
          </reporter-output>
        </test-method> <!-- getAllUserAPITest -->
        <test-method signature="getAllUsersWithQueryParameterAPITest()[pri:2, instance:GETAPIs.GETAPIRequestTest@799f10e1]" started-at="2024-07-09T11:28:26 IST" name="getAllUsersWithQueryParameterAPITest" finished-at="2024-07-09T11:28:27 IST" duration-ms="1200" status="PASS">
          <reporter-output>
          </reporter-output>
        </test-method> <!-- getAllUsersWithQueryParameterAPITest -->
        <test-method signature="getAllUsersWithQueryParameter_withHashMap_APITest()[pri:3, instance:GETAPIs.GETAPIRequestTest@799f10e1]" started-at="2024-07-09T11:28:27 IST" name="getAllUsersWithQueryParameter_withHashMap_APITest" finished-at="2024-07-09T11:28:29 IST" duration-ms="1293" status="PASS">
          <reporter-output>
          </reporter-output>
        </test-method> <!-- getAllUsersWithQueryParameter_withHashMap_APITest -->
      </class> <!-- GETAPIs.GETAPIRequestTest -->
    </test> <!-- Default test -->
  </suite> <!-- Default suite -->
</testng-results>
